D:\CODING\CHINESESEGMENT\CHISEGSYSTEM\CHISEGSYSTEM\X64\DEBUG\CHISEG.OBJ
D:\CODING\CHINESESEGMENT\CHISEGSYSTEM\CHISEGSYSTEM\X64\DEBUG\CHISEGSYSTEM.EXE.INTERMEDIATE.MANIFEST
D:\CODING\CHINESESEGMENT\CHISEGSYSTEM\CHISEGSYSTEM\X64\DEBUG\CHISEGSYSTEM.OBJ
D:\coding\ChineseSegment\ChiSegSystem\ChiSegSystem\x64\Debug\ChiSegSystem.vcxprojResolveAssemblyReference.cache
D:\coding\ChineseSegment\ChiSegSystem\ChiSegSystem\x64\Debug\ChiSegSystem.write.1.tlog
D:\coding\ChineseSegment\ChiSegSystem\ChiSegSystem\x64\Debug\cl.command.1.tlog
D:\coding\ChineseSegment\ChiSegSystem\ChiSegSystem\x64\Debug\CL.read.1.tlog
D:\coding\ChineseSegment\ChiSegSystem\ChiSegSystem\x64\Debug\CL.write.1.tlog
D:\coding\ChineseSegment\ChiSegSystem\ChiSegSystem\x64\Debug\link.10828.read.1.tlog
D:\coding\ChineseSegment\ChiSegSystem\ChiSegSystem\x64\Debug\link.10828.write.1.tlog
D:\coding\ChineseSegment\ChiSegSystem\ChiSegSystem\x64\Debug\link.4852.read.1.tlog
D:\coding\ChineseSegment\ChiSegSystem\ChiSegSystem\x64\Debug\link.4852.write.1.tlog
D:\coding\ChineseSegment\ChiSegSystem\ChiSegSystem\x64\Debug\link.5272.read.1.tlog
D:\coding\ChineseSegment\ChiSegSystem\ChiSegSystem\x64\Debug\link.5272.write.1.tlog
D:\coding\ChineseSegment\ChiSegSystem\ChiSegSystem\x64\Debug\link.command.1.tlog
D:\coding\ChineseSegment\ChiSegSystem\ChiSegSystem\x64\Debug\link.read.1.tlog
D:\coding\ChineseSegment\ChiSegSystem\ChiSegSystem\x64\Debug\link.write.1.tlog
D:\coding\ChineseSegment\ChiSegSystem\ChiSegSystem\x64\Debug\mt.command.1.tlog
D:\coding\ChineseSegment\ChiSegSystem\ChiSegSystem\x64\Debug\mt.read.1.tlog
D:\coding\ChineseSegment\ChiSegSystem\ChiSegSystem\x64\Debug\mt.write.1.tlog
D:\CODING\CHINESESEGMENT\CHISEGSYSTEM\CHISEGSYSTEM\X64\DEBUG\STDAFX.OBJ
D:\coding\ChineseSegment\ChiSegSystem\ChiSegSystem\x64\Debug\vc100.idb
D:\CODING\CHINESESEGMENT\CHISEGSYSTEM\CHISEGSYSTEM\X64\DEBUG\VC100.PDB
D:\CODING\CHINESESEGMENT\CHISEGSYSTEM\X64\DEBUG\CHISEGSYSTEM.EXE
D:\CODING\CHINESESEGMENT\CHISEGSYSTEM\X64\DEBUG\CHISEGSYSTEM.EXE.MANIFEST
D:\CODING\CHINESESEGMENT\CHISEGSYSTEM\X64\DEBUG\CHISEGSYSTEM.ILK
D:\CODING\CHINESESEGMENT\CHISEGSYSTEM\X64\DEBUG\CHISEGSYSTEM.PDB
