生成启动时间为 2015/7/25 8:39:32。
     1>项目“D:\coding\ChineseSegment\ChiSegSystem\ChiSegSystem\ChiSegSystem.vcxproj”在节点 2 上(build 个目标)。
     1>InitializeBuildStatus:
         正在创建“x64\Debug\ChiSegSystem.unsuccessfulbuild”，因为已指定“AlwaysCreate”。
       ClCompile:
         E:\software\VS2010\VC\bin\x86_amd64\CL.exe /c /Zi /nologo /W3 /WX- /Od /D WIN32 /D _DEBUG /D _CONSOLE /D _UNICODE /D UNICODE /Gm /EHsc /MDd /GS /fp:precise /Zc:wchar_t /Zc:forScope /Fo"x64\Debug\\" /Fd"x64\Debug\vc100.pdb" /Gd /TP /errorReport:prompt ChiSegSystem.cpp
         ChiSegSystem.cpp
     1>ChiSegSystem.cpp(214): warning C4267: “=”: 从“size_t”转换到“int”，可能丢失数据
     1>ChiSegSystem.cpp(228): warning C4267: “初始化”: 从“size_t”转换到“int”，可能丢失数据
     1>ChiSegSystem.cpp(280): warning C4267: “初始化”: 从“size_t”转换到“int”，可能丢失数据
     1>ChiSegSystem.cpp(352): warning C4244: “return”: 从“double”转换到“float”，可能丢失数据
     1>ChiSegSystem.cpp(356): warning C4244: “return”: 从“double”转换到“float”，可能丢失数据
     1>d:\coding\chinesesegment\chisegsystem\chisegsystem\chisegsystem.cpp(358): warning C4715: “ChiSeg::GetBEValues”: 不是所有的控件路径都返回值
     1>d:\coding\chinesesegment\chisegsystem\chisegsystem\chisegsystem.cpp(493): warning C4715: “ChiSeg::MainProcess”: 不是所有的控件路径都返回值
       Link:
         E:\software\VS2010\VC\bin\x86_amd64\link.exe /ERRORREPORT:PROMPT /OUT:"D:\coding\ChineseSegment\ChiSegSystem\x64\Debug\ChiSegSystem.exe" /INCREMENTAL /NOLOGO kernel32.lib user32.lib gdi32.lib winspool.lib comdlg32.lib advapi32.lib shell32.lib ole32.lib oleaut32.lib uuid.lib odbc32.lib odbccp32.lib /MANIFEST /ManifestFile:"x64\Debug\ChiSegSystem.exe.intermediate.manifest" /MANIFESTUAC:"level='asInvoker' uiAccess='false'" /DEBUG /PDB:"D:\coding\ChineseSegment\ChiSegSystem\x64\Debug\ChiSegSystem.pdb" /SUBSYSTEM:CONSOLE /TLBID:1 /DYNAMICBASE /NXCOMPAT /IMPLIB:"D:\coding\ChineseSegment\ChiSegSystem\x64\Debug\ChiSegSystem.lib" /MACHINE:X64 x64\Debug\ChiSeg.obj
         x64\Debug\ChiSegSystem.obj
         x64\Debug\stdafx.obj
         ChiSegSystem.vcxproj -> D:\coding\ChineseSegment\ChiSegSystem\x64\Debug\ChiSegSystem.exe
       Manifest:
         C:\Program Files (x86)\Microsoft SDKs\Windows\v7.0A\bin\mt.exe /nologo /verbose /out:"D:\coding\ChineseSegment\ChiSegSystem\x64\Debug\ChiSegSystem.exe.manifest" /manifest x64\Debug\ChiSegSystem.exe.intermediate.manifest
       FinalizeBuildStatus:
         正在删除文件“x64\Debug\ChiSegSystem.unsuccessfulbuild”。
         正在对“x64\Debug\ChiSegSystem.lastbuildstate”执行 Touch 任务。
     1>已完成生成项目“D:\coding\ChineseSegment\ChiSegSystem\ChiSegSystem\ChiSegSystem.vcxproj”(build 个目标)的操作。

生成成功。

已用时间 00:00:06.82
